<?xml version="1.0" encoding="UTF-8"?>
<!-- Generated by org.testng.reporters.JUnitReportReporter -->
<testsuite hostname="DESKTOP-5B2Q11L" failures="0" tests="1" name="com.Sample.runner.TestRunner" time="10.787" errors="0" timestamp="2023-04-01T16:11:49 IST" skipped="0">
  <testcase classname="com.Sample.runner.TestRunner" name="runScenario" time="10.787"/>
  <system-out/>
</testsuite> <!-- com.Sample.runner.TestRunner -->
