<?xml version="1.0" encoding="UTF-8"?>
<!-- Generated by org.testng.reporters.JUnitReportReporter -->
<testsuite skipped="0" hostname="DESKTOP-5B2Q11L" name="com.Sample.runner.TestRunner" tests="1" failures="0" timestamp="2023-04-01T15:46:37 IST" time="14.449" errors="0">
  <testcase name="runScenario" time="14.449" classname="com.Sample.runner.TestRunner"/>
  <system-out/>
</testsuite> <!-- com.Sample.runner.TestRunner -->
